Deprecation Notice: Constant E_STRICT is deprecated in phar:///usr/local/bin/composer/src/Composer/Util/Silencer.php:36
Deprecation Notice: Constant E_STRICT is deprecated in phar:///usr/local/bin/composer/src/Composer/Util/Silencer.php:36
Deprecation Notice: JsonSchema\Constraints\BaseConstraint::__construct(): Implicitly marking parameter $factory as nullable is deprecated, the explicit nullable type must be used instead in phar:///usr/local/bin/composer/vendor/justinrainbow/json-schema/src/JsonSchema/Constraints/BaseConstraint.php:41
Deprecation Notice: JsonSchema\Constraints\BaseConstraint::addError(): Implicitly marking parameter $path as nullable is deprecated, the explicit nullable type must be used instead in phar:///usr/local/bin/composer/vendor/justinrainbow/json-schema/src/JsonSchema/Constraints/BaseConstraint.php:46
Deprecation Notice: JsonSchema\Constraints\BaseConstraint::addError(): Implicitly marking parameter $more as nullable is deprecated, the explicit nullable type must be used instead in phar:///usr/local/bin/composer/vendor/justinrainbow/json-schema/src/JsonSchema/Constraints/BaseConstraint.php:46
Deprecation Notice: JsonSchema\Constraints\Factory::__construct(): Implicitly marking parameter $schemaStorage as nullable is deprecated, the explicit nullable type must be used instead in phar:///usr/local/bin/composer/vendor/justinrainbow/json-schema/src/JsonSchema/Constraints/Factory.php:76
Deprecation Notice: JsonSchema\Constraints\Factory::__construct(): Implicitly marking parameter $uriRetriever as nullable is deprecated, the explicit nullable type must be used instead in phar:///usr/local/bin/composer/vendor/justinrainbow/json-schema/src/JsonSchema/Constraints/Factory.php:76
Deprecation Notice: JsonSchema\Constraints\Constraint::incrementPath(): Implicitly marking parameter $path as nullable is deprecated, the explicit nullable type must be used instead in phar:///usr/local/bin/composer/vendor/justinrainbow/json-schema/src/JsonSchema/Constraints/Constraint.php:42
Deprecation Notice: JsonSchema\Constraints\Constraint::checkArray(): Implicitly marking parameter $path as nullable is deprecated, the explicit nullable type must be used instead in phar:///usr/local/bin/composer/vendor/justinrainbow/json-schema/src/JsonSchema/Constraints/Constraint.php:68
Deprecation Notice: JsonSchema\Constraints\Constraint::checkObject(): Implicitly marking parameter $path as nullable is deprecated, the explicit nullable type must be used instead in phar:///usr/local/bin/composer/vendor/justinrainbow/json-schema/src/JsonSchema/Constraints/Constraint.php:86
Deprecation Notice: JsonSchema\Constraints\Constraint::checkType(): Implicitly marking parameter $path as nullable is deprecated, the explicit nullable type must be used instead in phar:///usr/local/bin/composer/vendor/justinrainbow/json-schema/src/JsonSchema/Constraints/Constraint.php:103
Deprecation Notice: JsonSchema\Constraints\Constraint::checkUndefined(): Implicitly marking parameter $path as nullable is deprecated, the explicit nullable type must be used instead in phar:///usr/local/bin/composer/vendor/justinrainbow/json-schema/src/JsonSchema/Constraints/Constraint.php:119
Deprecation Notice: JsonSchema\Constraints\Constraint::checkString(): Implicitly marking parameter $path as nullable is deprecated, the explicit nullable type must be used instead in phar:///usr/local/bin/composer/vendor/justinrainbow/json-schema/src/JsonSchema/Constraints/Constraint.php:136
Deprecation Notice: JsonSchema\Constraints\Constraint::checkNumber(): Implicitly marking parameter $path as nullable is deprecated, the explicit nullable type must be used instead in phar:///usr/local/bin/composer/vendor/justinrainbow/json-schema/src/JsonSchema/Constraints/Constraint.php:152
Deprecation Notice: JsonSchema\Constraints\Constraint::checkEnum(): Implicitly marking parameter $path as nullable is deprecated, the explicit nullable type must be used instead in phar:///usr/local/bin/composer/vendor/justinrainbow/json-schema/src/JsonSchema/Constraints/Constraint.php:168
Deprecation Notice: JsonSchema\Constraints\Constraint::checkFormat(): Implicitly marking parameter $path as nullable is deprecated, the explicit nullable type must be used instead in phar:///usr/local/bin/composer/vendor/justinrainbow/json-schema/src/JsonSchema/Constraints/Constraint.php:184
Deprecation Notice: JsonSchema\Constraints\ConstraintInterface::addError(): Implicitly marking parameter $path as nullable is deprecated, the explicit nullable type must be used instead in phar:///usr/local/bin/composer/vendor/justinrainbow/json-schema/src/JsonSchema/Constraints/ConstraintInterface.php:43
Deprecation Notice: JsonSchema\Constraints\ConstraintInterface::addError(): Implicitly marking parameter $more as nullable is deprecated, the explicit nullable type must be used instead in phar:///usr/local/bin/composer/vendor/justinrainbow/json-schema/src/JsonSchema/Constraints/ConstraintInterface.php:43
Deprecation Notice: JsonSchema\Constraints\ConstraintInterface::check(): Implicitly marking parameter $path as nullable is deprecated, the explicit nullable type must be used instead in phar:///usr/local/bin/composer/vendor/justinrainbow/json-schema/src/JsonSchema/Constraints/ConstraintInterface.php:64
Deprecation Notice: JsonSchema\SchemaStorage::__construct(): Implicitly marking parameter $uriRetriever as nullable is deprecated, the explicit nullable type must be used instead in phar:///usr/local/bin/composer/vendor/justinrainbow/json-schema/src/JsonSchema/SchemaStorage.php:19
Deprecation Notice: JsonSchema\SchemaStorage::__construct(): Implicitly marking parameter $uriResolver as nullable is deprecated, the explicit nullable type must be used instead in phar:///usr/local/bin/composer/vendor/justinrainbow/json-schema/src/JsonSchema/SchemaStorage.php:19
Deprecation Notice: JsonSchema\Constraints\SchemaConstraint::check(): Implicitly marking parameter $path as nullable is deprecated, the explicit nullable type must be used instead in phar:///usr/local/bin/composer/vendor/justinrainbow/json-schema/src/JsonSchema/Constraints/SchemaConstraint.php:31
Deprecation Notice: JsonSchema\Constraints\UndefinedConstraint::check(): Implicitly marking parameter $path as nullable is deprecated, the explicit nullable type must be used instead in phar:///usr/local/bin/composer/vendor/justinrainbow/json-schema/src/JsonSchema/Constraints/UndefinedConstraint.php:34
Deprecation Notice: JsonSchema\Constraints\TypeConstraint::check(): Implicitly marking parameter $path as nullable is deprecated, the explicit nullable type must be used instead in phar:///usr/local/bin/composer/vendor/justinrainbow/json-schema/src/JsonSchema/Constraints/TypeConstraint.php:42
Deprecation Notice: JsonSchema\Constraints\ObjectConstraint::check(): Implicitly marking parameter $path as nullable is deprecated, the explicit nullable type must be used instead in phar:///usr/local/bin/composer/vendor/justinrainbow/json-schema/src/JsonSchema/Constraints/ObjectConstraint.php:30
Deprecation Notice: JsonSchema\Constraints\ObjectConstraint::validatePatternProperties(): Implicitly marking parameter $path as nullable is deprecated, the explicit nullable type must be used instead in phar:///usr/local/bin/composer/vendor/justinrainbow/json-schema/src/JsonSchema/Constraints/ObjectConstraint.php:54
Deprecation Notice: JsonSchema\Constraints\ObjectConstraint::validateElement(): Implicitly marking parameter $path as nullable is deprecated, the explicit nullable type must be used instead in phar:///usr/local/bin/composer/vendor/justinrainbow/json-schema/src/JsonSchema/Constraints/ObjectConstraint.php:93
Deprecation Notice: JsonSchema\Constraints\ObjectConstraint::validateProperties(): Implicitly marking parameter $path as nullable is deprecated, the explicit nullable type must be used instead in phar:///usr/local/bin/composer/vendor/justinrainbow/json-schema/src/JsonSchema/Constraints/ObjectConstraint.php:135
Deprecation Notice: JsonSchema\Constraints\ObjectConstraint::validateMinMaxConstraint(): Implicitly marking parameter $path as nullable is deprecated, the explicit nullable type must be used instead in phar:///usr/local/bin/composer/vendor/justinrainbow/json-schema/src/JsonSchema/Constraints/ObjectConstraint.php:177
Deprecation Notice: JsonSchema\Constraints\StringConstraint::check(): Implicitly marking parameter $path as nullable is deprecated, the explicit nullable type must be used instead in phar:///usr/local/bin/composer/vendor/justinrainbow/json-schema/src/JsonSchema/Constraints/StringConstraint.php:25
Deprecation Notice: JsonSchema\Constraints\FormatConstraint::check(): Implicitly marking parameter $path as nullable is deprecated, the explicit nullable type must be used instead in phar:///usr/local/bin/composer/vendor/justinrainbow/json-schema/src/JsonSchema/Constraints/FormatConstraint.php:27
Deprecation Notice: JsonSchema\Constraints\CollectionConstraint::check(): Implicitly marking parameter $path as nullable is deprecated, the explicit nullable type must be used instead in phar:///usr/local/bin/composer/vendor/justinrainbow/json-schema/src/JsonSchema/Constraints/CollectionConstraint.php:25
Deprecation Notice: JsonSchema\Constraints\CollectionConstraint::validateItems(): Implicitly marking parameter $path as nullable is deprecated, the explicit nullable type must be used instead in phar:///usr/local/bin/composer/vendor/justinrainbow/json-schema/src/JsonSchema/Constraints/CollectionConstraint.php:64
Deprecation Notice: JsonSchema\Constraints\NumberConstraint::check(): Implicitly marking parameter $path as nullable is deprecated, the explicit nullable type must be used instead in phar:///usr/local/bin/composer/vendor/justinrainbow/json-schema/src/JsonSchema/Constraints/NumberConstraint.php:25
Deprecation Notice: JsonSchema\Constraints\EnumConstraint::check(): Implicitly marking parameter $path as nullable is deprecated, the explicit nullable type must be used instead in phar:///usr/local/bin/composer/vendor/justinrainbow/json-schema/src/JsonSchema/Constraints/EnumConstraint.php:25
Deprecation Notice: Constant E_STRICT is deprecated in phar:///usr/local/bin/composer/src/Composer/Util/Silencer.php:36
Deprecation Notice: Constant E_STRICT is deprecated in phar:///usr/local/bin/composer/src/Composer/Util/Silencer.php:36
Loading composer repositories with package information
Updating dependencies
Your requirements could not be resolved to an installable set of packages.

  Problem 1
    - Root composer.json requires php ^7.1.3 but your php version (8.4.1) does not satisfy that requirement.
  Problem 2
    - laravel/framework[v5.8.0, ..., 5.8.x-dev] require php ^7.1.3 -> your php version (8.4.1) does not satisfy that requirement.
    - Root composer.json requires laravel/framework 5.8.* -> satisfiable by laravel/framework[v5.8.0, ..., 5.8.x-dev].

